<?xml version="1.0" encoding="UTF-8"?>
<!-- Generated by org.testng.reporters.JUnitReportReporter -->
<testsuite hostname="LAPTOP-2PRRT73O" failures="0" tests="5" name="testng.AnnotationAttributes" time="15.800" errors="0" timestamp="2025-07-17T15:24:27 IST" skipped="1">
  <testcase classname="testng.AnnotationAttributes" name="register" time="4.209"/>
  <testcase classname="testng.AnnotationAttributes" name="register" time="3.650"/>
  <testcase classname="testng.AnnotationAttributes" name="register" time="3.708"/>
  <testcase classname="testng.AnnotationAttributes" name="register" time="4.233"/>
  <testcase classname="testng.AnnotationAttributes" name="login">
    <skipped/>
  </testcase> <!-- login -->
</testsuite> <!-- testng.AnnotationAttributes -->
