<?xml version="1.0" encoding="UTF-8"?>
<!-- Generated by org.testng.reporters.JUnitReportReporter -->
<testsuite hostname="LAPTOP-2PRRT73O" failures="0" tests="3" name="assignment.testng.AssignmentTestNG" time="0.021" errors="0" timestamp="2025-07-16T22:40:21 IST" skipped="0">
  <testcase classname="assignment.testng.AssignmentTestNG" name="createAccount" time="0.015">
    <system-out>
      <![CDATA[create a account]]>
    </system-out>
  </testcase> <!-- createAccount -->
  <testcase classname="assignment.testng.AssignmentTestNG" name="editAccount" time="0.003">
    <system-out>
      <![CDATA[edit a account]]>
    </system-out>
  </testcase> <!-- editAccount -->
  <testcase classname="assignment.testng.AssignmentTestNG" name="deleteAccount" time="0.003">
    <system-out>
      <![CDATA[delete a account]]>
    </system-out>
  </testcase> <!-- deleteAccount -->
  <system-out>
    <![CDATA[create a account
edit a account
delete a account]]>
  </system-out>
</testsuite> <!-- assignment.testng.AssignmentTestNG -->
