<?xml version="1.0" encoding="UTF-8"?>
<!-- Generated by org.testng.reporters.JUnitReportReporter -->
<testsuite hostname="LAPTOP-2PRRT73O" failures="0" tests="4" name="dataProvider.LearnDataProvider" time="8.281" errors="0" timestamp="2025-07-23T16:23:25 IST" skipped="0">
  <testcase classname="dataProvider.LearnDataProvider" name="login" time="2.902"/>
  <testcase classname="dataProvider.LearnDataProvider" name="login" time="1.707"/>
  <testcase classname="dataProvider.LearnDataProvider" name="login" time="1.800"/>
  <testcase classname="dataProvider.LearnDataProvider" name="login" time="1.872"/>
</testsuite> <!-- dataProvider.LearnDataProvider -->
