<?xml version="1.0" encoding="UTF-8"?>
<!-- Generated by org.testng.reporters.JUnitReportReporter -->
<testsuite hostname="LAPTOP-2PRRT73O" failures="0" tests="1" name="testng.TestScript3" time="3.999" errors="0" timestamp="2025-07-23T02:07:40 IST" skipped="0">
  <testcase classname="testng.TestScript3" name="clickOnElectronics" time="3.999">
    <system-out>
      <![CDATA[Electronics page is displayed]]>
    </system-out>
  </testcase> <!-- clickOnElectronics -->
  <system-out>
    <![CDATA[Electronics page is displayed]]>
  </system-out>
</testsuite> <!-- testng.TestScript3 -->
