<?xml version="1.0" encoding="UTF-8"?>
<!-- Generated by org.testng.reporters.JUnitReportReporter -->
<testsuite hostname="LAPTOP-2PRRT73O" failures="0" tests="1" name="demowebshop.BooksScript" time="4.289" errors="0" timestamp="2025-07-23T00:20:49 IST" skipped="0">
  <testcase classname="demowebshop.BooksScript" name="books" time="4.289">
    <system-out>
      <![CDATA[Books page is displayed]]>
    </system-out>
  </testcase> <!-- books -->
  <system-out>
    <![CDATA[Computer page is displayed
Electronics page is displayed
Books page is displayed]]>
  </system-out>
</testsuite> <!-- demowebshop.BooksScript -->
