<?xml version="1.0" encoding="UTF-8"?>
<!-- Generated by org.testng.reporters.JUnitReportReporter -->
<testsuite hostname="LAPTOP-2PRRT73O" failures="0" tests="2" name="testng.LearnDependsOnMethods" time="7.130" errors="0" timestamp="2025-07-17T15:51:30 IST" skipped="0">
  <testcase classname="testng.LearnDependsOnMethods" name="login" time="3.100"/>
  <testcase classname="testng.LearnDependsOnMethods" name="register" time="4.030"/>
</testsuite> <!-- testng.LearnDependsOnMethods -->
