<?xml version="1.0" encoding="UTF-8"?>
<!-- Generated by org.testng.reporters.JUnitReportReporter -->
<testsuite hostname="LAPTOP-2PRRT73O" failures="0" tests="1" name="bikes.kawasaki" time="9.010" errors="0" timestamp="2025-07-18T14:58:57 IST" skipped="0">
  <testcase classname="bikes.kawasaki" name="launched" time="9.010">
    <system-out>
      <![CDATA[Kawasaki launched]]>
    </system-out>
  </testcase> <!-- launched -->
  <system-out>
    <![CDATA[KTM Launched
Kawasaki launched
Ducati launched
Yamaha launched]]>
  </system-out>
</testsuite> <!-- bikes.kawasaki -->
