<?xml version="1.0" encoding="UTF-8"?>
<!-- Generated by org.testng.reporters.JUnitReportReporter -->
<testsuite hostname="LAPTOP-2PRRT73O" failures="0" tests="1" name="companies.Infosys" time="359.528" errors="0" timestamp="2025-07-19T00:36:20 IST" skipped="0">
  <testcase classname="companies.Infosys" name="infosysLaunched" time="359.528">
    <system-out>
      <![CDATA[infosys launched]]>
    </system-out>
  </testcase> <!-- infosysLaunched -->
  <system-out>
    <![CDATA[infosys launched
wipro launched]]>
  </system-out>
</testsuite> <!-- companies.Infosys -->
