<?xml version="1.0" encoding="UTF-8"?>
<!-- Generated by org.testng.reporters.JUnitReportReporter -->
<testsuite hostname="LAPTOP-2PRRT73O" failures="0" tests="1" name="testngcars.Toyota" time="1.129" errors="0" timestamp="2025-07-18T15:46:43 IST" skipped="0">
  <testcase classname="testngcars.Toyota" name="launched" time="1.129">
    <system-out>
      <![CDATA[Toyota launched]]>
    </system-out>
  </testcase> <!-- launched -->
  <system-out>
    <![CDATA[RoyalRace launched
Toyota launched]]>
  </system-out>
</testsuite> <!-- testngcars.Toyota -->
