<?xml version="1.0" encoding="UTF-8"?>
<!-- Generated by org.testng.reporters.JUnitReportReporter -->
<testsuite hostname="LAPTOP-2PRRT73O" failures="0" tests="1" name="testngcars.Bugatti" time="3.822" errors="0" timestamp="2025-07-18T15:44:52 IST" skipped="0">
  <testcase classname="testngcars.Bugatti" name="launch" time="3.822">
    <system-out>
      <![CDATA[Bugatti launched]]>
    </system-out>
  </testcase> <!-- launch -->
  <system-out>
    <![CDATA[RoyalRace launched
Bugatti launched
Lamborghinin launched
Toyota launched]]>
  </system-out>
</testsuite> <!-- testngcars.Bugatti -->
