<?xml version="1.0" encoding="UTF-8"?>
<!-- Generated by org.testng.reporters.JUnitReportReporter -->
<testsuite hostname="LAPTOP-2PRRT73O" failures="0" tests="1" name="testng.TestScript2" time="4.185" errors="0" timestamp="2025-07-23T00:34:10 IST" skipped="0">
  <testcase classname="testng.TestScript2" name="clickOnComputers" time="4.185">
    <system-out>
      <![CDATA[Computer page is displayed]]>
    </system-out>
  </testcase> <!-- clickOnComputers -->
  <system-out>
    <![CDATA[Computer page is displayed]]>
  </system-out>
</testsuite> <!-- testng.TestScript2 -->
