<?xml version="1.0" encoding="UTF-8"?>
<!-- Generated by org.testng.reporters.JUnitReportReporter -->
<testsuite hostname="LAPTOP-2PRRT73O" failures="0" tests="2" name="testng.ConfigurationAnnotations" time="0.011" errors="0" timestamp="2025-07-21T15:06:41 IST" skipped="0">
  <testcase classname="testng.ConfigurationAnnotations" name="demo" time="0.008">
    <system-out>
      <![CDATA[@Test(demo)executed]]>
    </system-out>
  </testcase> <!-- demo -->
  <testcase classname="testng.ConfigurationAnnotations" name="sample" time="0.003">
    <system-out>
      <![CDATA[@Test(sample)executed]]>
    </system-out>
  </testcase> <!-- sample -->
  <system-out>
    <![CDATA[@BeforeSuite
@BeforeTest
@BeforeClass
@BeforeMethod
@Test(demo)executed
@AfterMethod
@BeforeMethod
@Test(sample)executed
@AfterMethod
@AfterClass
@AfterTest
@AfterSuite]]>
  </system-out>
</testsuite> <!-- testng.ConfigurationAnnotations -->
