<?xml version="1.0" encoding="UTF-8"?>
<!-- Generated by org.testng.reporters.JUnitReportReporter -->
<testsuite hostname="LAPTOP-2PRRT73O" failures="0" tests="1" name="testng.TestScript" time="7.591" errors="0" timestamp="2025-07-23T00:30:56 IST" skipped="0">
  <testcase classname="testng.TestScript" name="clickOnBooks" time="7.591">
    <system-out>
      <![CDATA[Books page is displayed]]>
    </system-out>
  </testcase> <!-- clickOnBooks -->
  <system-out>
    <![CDATA[Books page is displayed]]>
  </system-out>
</testsuite> <!-- testng.TestScript -->
