<?xml version="1.0" encoding="UTF-8"?>
<!-- Generated by org.testng.reporters.JUnitReportReporter -->
<testsuite hostname="LAPTOP-2PRRT73O" failures="0" tests="1" name="seleniumTest.PreTestSelenium" time="151.360" errors="0" timestamp="2025-07-28T01:37:57 IST" skipped="0">
  <testcase classname="seleniumTest.PreTestSelenium" name="launchpage" time="151.360"/>
</testsuite> <!-- seleniumTest.PreTestSelenium -->
