<?xml version="1.0" encoding="UTF-8"?>
<!-- Generated by org.testng.reporters.JUnitReportReporter -->
<testsuite hostname="LAPTOP-2PRRT73O" failures="0" tests="1" name="testng.ToLearnTestNG" time="0.011" errors="0" timestamp="2025-07-16T16:09:15 IST" skipped="0">
  <testcase classname="testng.ToLearnTestNG" name="register" time="0.011">
    <system-out>
      <![CDATA[register testcase executed]]>
    </system-out>
  </testcase> <!-- register -->
  <system-out>
    <![CDATA[register testcase executed]]>
  </system-out>
</testsuite> <!-- testng.ToLearnTestNG -->
