<?xml version="1.0" encoding="UTF-8"?>
<!-- Generated by org.testng.reporters.JUnitReportReporter -->
<testsuite hostname="LAPTOP-2PRRT73O" failures="0" tests="1" name="bikes.KTM" time="7.394" errors="0" timestamp="2025-07-18T15:56:41 IST" skipped="0">
  <testcase classname="bikes.KTM" name="launched" time="7.394">
    <system-out>
      <![CDATA[KTM Launched]]>
    </system-out>
  </testcase> <!-- launched -->
  <system-out>
    <![CDATA[KTM Launched]]>
  </system-out>
</testsuite> <!-- bikes.KTM -->
