<?xml version="1.0" encoding="UTF-8"?>
<!-- Generated by org.testng.reporters.JUnitReportReporter -->
<testsuite hostname="LAPTOP-2PRRT73O" failures="0" tests="1" name="testngcars.Lamborghini" time="2.234" errors="0" timestamp="2025-07-18T15:44:52 IST" skipped="0">
  <testcase classname="testngcars.Lamborghini" name="Launch" time="2.234">
    <system-out>
      <![CDATA[Lamborghinin launched]]>
    </system-out>
  </testcase> <!-- Launch -->
  <system-out>
    <![CDATA[RoyalRace launched
Bugatti launched
Lamborghinin launched
Toyota launched]]>
  </system-out>
</testsuite> <!-- testngcars.Lamborghini -->
